
2022/10/13 21:53:48 [32m/Users/weizhifeng/go/pkg/mod/gorm.io/driver/mysql@v1.2.2/migrator.go:234
[0m[33m[4.821ms] [34;1m[rows:-][0m SELECT DATABASE()

2022/10/13 21:53:48 [32m/Users/weizhifeng/go/pkg/mod/gorm.io/driver/mysql@v1.2.2/migrator.go:237
[0m[33m[19.058ms] [34;1m[rows:1][0m SELECT SCHEMA_NAME from Information_schema.SCHEMATA where SCHEMA_NAME LIKE 'admindb%' ORDER BY SCHEMA_NAME='admindb' DESC limit 1

2022/10/13 21:53:48 [32m/Users/weizhifeng/github/university-selection_Backend/main.go:26
[0m[33m[13.573ms] [34;1m[rows:-][0m SELECT count(*) FROM information_schema.tables WHERE table_schema = 'adminDB' AND table_name = 'users' AND table_type = 'BASE TABLE'

2022/10/13 21:53:48 [32m/Users/weizhifeng/go/pkg/mod/gorm.io/driver/mysql@v1.2.2/migrator.go:234
[0m[33m[2.689ms] [34;1m[rows:-][0m SELECT DATABASE()

2022/10/13 21:53:48 [32m/Users/weizhifeng/go/pkg/mod/gorm.io/driver/mysql@v1.2.2/migrator.go:237
[0m[33m[4.865ms] [34;1m[rows:1][0m SELECT SCHEMA_NAME from Information_schema.SCHEMATA where SCHEMA_NAME LIKE 'admindb%' ORDER BY SCHEMA_NAME='admindb' DESC limit 1

2022/10/13 21:53:48 [32m/Users/weizhifeng/go/pkg/mod/gorm.io/driver/mysql@v1.2.2/migrator.go:205
[0m[33m[7.979ms] [34;1m[rows:-][0m SELECT column_name, is_nullable, data_type, character_maximum_length, numeric_precision, numeric_scale , datetime_precision FROM information_schema.columns WHERE table_schema = 'adminDB' AND table_name = 'users'

2022/10/13 21:53:48 [32m/Users/weizhifeng/go/pkg/mod/gorm.io/driver/mysql@v1.2.2/migrator.go:234
[0m[33m[2.981ms] [34;1m[rows:-][0m SELECT DATABASE()

2022/10/13 21:53:48 [32m/Users/weizhifeng/go/pkg/mod/gorm.io/driver/mysql@v1.2.2/migrator.go:237
[0m[33m[4.930ms] [34;1m[rows:1][0m SELECT SCHEMA_NAME from Information_schema.SCHEMATA where SCHEMA_NAME LIKE 'admindb%' ORDER BY SCHEMA_NAME='admindb' DESC limit 1

2022/10/13 21:53:48 [32m/Users/weizhifeng/github/university-selection_Backend/main.go:26
[0m[33m[4.706ms] [34;1m[rows:-][0m SELECT count(*) FROM information_schema.tables WHERE table_schema = 'adminDB' AND table_name = 'comments' AND table_type = 'BASE TABLE'

2022/10/13 21:53:48 [32m/Users/weizhifeng/go/pkg/mod/gorm.io/driver/mysql@v1.2.2/migrator.go:234
[0m[33m[1.785ms] [34;1m[rows:-][0m SELECT DATABASE()

2022/10/13 21:53:48 [32m/Users/weizhifeng/go/pkg/mod/gorm.io/driver/mysql@v1.2.2/migrator.go:237
[0m[33m[4.677ms] [34;1m[rows:1][0m SELECT SCHEMA_NAME from Information_schema.SCHEMATA where SCHEMA_NAME LIKE 'admindb%' ORDER BY SCHEMA_NAME='admindb' DESC limit 1

2022/10/13 21:53:48 [32m/Users/weizhifeng/go/pkg/mod/gorm.io/driver/mysql@v1.2.2/migrator.go:205
[0m[33m[4.005ms] [34;1m[rows:-][0m SELECT column_name, is_nullable, data_type, character_maximum_length, numeric_precision, numeric_scale , datetime_precision FROM information_schema.columns WHERE table_schema = 'adminDB' AND table_name = 'comments'
